<?xml version="1.0" encoding="UTF-8" ?>
<testsuite failures="0" time="4.612" errors="0" skipped="0" tests="6" name="org.dcm4chee.web.war.ae.AEMgtTest">
  <properties>
[...]
</properties>
  <testcase time="2.34" classname="org.dcm4chee.web.war.ae.AEMgtTest" name="testOpenAEMgt"/>
  <testcase time="0.416" classname="org.dcm4chee.web.war.ae.AEMgtTest" name="testOpenEditWindow"/>
  <testcase time="0.63" classname="org.dcm4chee.web.war.ae.AEMgtTest" name="testEditAERequiredFields"/>
  <testcase time="0.608" classname="org.dcm4chee.web.war.ae.AEMgtTest" name="testEditAEValidators"/>
  <testcase time="0.583" classname="org.dcm4chee.web.war.ae.AEMgtTest" name="testNewAE"/>
  <testcase time="0.035" classname="org.dcm4chee.web.war.ae.AEMgtTest" name="testNothing"/>
</testsuite>